<?xml version="1.0" encoding="UTF-8"?>
<!-- Generated by org.testng.reporters.JUnitReportReporter -->
<testsuite skipped="5" hostname="Babek-Chalabi" name="testNGGroupID.testNG.LoginLogout" tests="6" failures="0" timestamp="24 Jan 2019 19:36:12 GMT" time="0.000" errors="1">
  <testcase name="logingTestWithCorrectCredentials" time="0.000" classname="testNGGroupID.testNG.LoginLogout">
    <skipped/>
  </testcase> <!-- logingTestWithCorrectCredentials -->
  <testcase name="myTestCase" time="0.000" classname="testNGGroupID.testNG.LoginLogout">
    <skipped/>
  </testcase> <!-- myTestCase -->
  <testcase name="SelectBrowser" time="0.000" classname="testNGGroupID.testNG.LoginLogout">
    <error type="org.testng.TestNGException" message="
Parameter &#039;browserName&#039; is required by BeforeTest on method SelectBrowser but has not been marked @Optional or defined
in C:\Users\Babek Chalabi\AppData\Local\Temp\testng-eclipse--440951771\testng-customsuite.xml">
      <![CDATA[org.testng.TestNGException: 
Parameter 'browserName' is required by BeforeTest on method SelectBrowser but has not been marked @Optional or defined
in C:\Users\Babek Chalabi\AppData\Local\Temp\testng-eclipse--440951771\testng-customsuite.xml
at org.testng.internal.Parameters.createParams(Parameters.java:290)
at org.testng.internal.Parameters.createParametersForMethod(Parameters.java:359)
at org.testng.internal.Parameters.createParameters(Parameters.java:620)
at org.testng.internal.Parameters.createConfigurationParameters(Parameters.java:190)
at org.testng.internal.Invoker.invokeConfigurations(Invoker.java:209)
at org.testng.internal.Invoker.invokeConfigurations(Invoker.java:142)
at org.testng.TestRunner.beforeRun(TestRunner.java:529)
at org.testng.TestRunner.run(TestRunner.java:497)
at org.testng.SuiteRunner.runTest(SuiteRunner.java:455)
at org.testng.SuiteRunner.runSequentially(SuiteRunner.java:450)
at org.testng.SuiteRunner.privateRun(SuiteRunner.java:415)
at org.testng.SuiteRunner.run(SuiteRunner.java:364)
at org.testng.SuiteRunnerWorker.runSuite(SuiteRunnerWorker.java:52)
at org.testng.SuiteRunnerWorker.run(SuiteRunnerWorker.java:84)
at org.testng.TestNG.runSuitesSequentially(TestNG.java:1208)
at org.testng.TestNG.runSuitesLocally(TestNG.java:1137)
at org.testng.TestNG.runSuites(TestNG.java:1049)
at org.testng.TestNG.run(TestNG.java:1017)
at org.testng.remote.AbstractRemoteTestNG.run(AbstractRemoteTestNG.java:114)
at org.testng.remote.RemoteTestNG.initAndRun(RemoteTestNG.java:251)
at org.testng.remote.RemoteTestNG.main(RemoteTestNG.java:77)
]]>
    </error>
  </testcase> <!-- SelectBrowser -->
  <testcase name="logingTestWithCorrectCredentials" time="0.000" classname="testNGGroupID.testNG.LoginLogout">
    <skipped/>
  </testcase> <!-- logingTestWithCorrectCredentials -->
  <testcase name="logingTestWithCorrectCredentials" time="0.000" classname="testNGGroupID.testNG.LoginLogout">
    <skipped/>
  </testcase> <!-- logingTestWithCorrectCredentials -->
  <testcase name="logingTestWithCorrectCredentials" time="0.000" classname="testNGGroupID.testNG.LoginLogout">
    <skipped/>
  </testcase> <!-- logingTestWithCorrectCredentials -->
</testsuite> <!-- testNGGroupID.testNG.LoginLogout -->
